#
# A fatal error has been detected by the Java Runtime Environment:
#
#  EXCEPTION_ACCESS_VIOLATION (0xc0000005) at pc=0x0000000077efcfdb, pid=2208, tid=124
#
# JRE version: 7.0_13-b20
# Java VM: Java HotSpot(TM) 64-Bit Server VM (23.7-b01 mixed mode windows-amd64 compressed oops)
# Problematic frame:
# C  [ntdll.dll+0x3cfdb]  RtlGetGroupSecurityDescriptor+0x1bb
#
# Failed to write core dump. Minidumps are not enabled by default on client versions of Windows
#
# If you would like to submit a bug report, please visit:
#   http://bugreport.sun.com/bugreport/crash.jsp
#

---------------  T H R E A D  ---------------

Current thread (0x0000000006ff0800):  JavaThread "C2 CompilerThread1" daemon [_thread_in_native, id=124, stack(0x0000000007ed0000,0x0000000007fd0000)]

siginfo: ExceptionCode=0xc0000005, reading address 0xfffffffffffffff8

Registers:
RAX=0x0000000000000800, RBX=0x0000000001cb02c8, RCX=0x0000000000000080, RDX=0x0000000000000000
RSP=0x0000000007fcc170, RBP=0x0000000000001100, RSI=0x0000000001cb02c8, RDI=0x0000000000001100
R8 =0x000000000000047f, R9 =0x0000000009d20000, R10=0x0000000000000480, R11=0x0000000006e30000
R12=0x0000000001cb0000, R13=0x0000000000001100, R14=0x0000000000000000, R15=0x0000000000000005
RIP=0x0000000077efcfdb, EFLAGS=0x0000000000010202

Top of Stack: (sp=0x0000000007fcc170)
0x0000000007fcc170:   000000000922a3d0 00000000000001ff
0x0000000007fcc180:   0000000007fcc830 0000000007fcc478
0x0000000007fcc190:   0000000000000000 0000000077ef836a
0x0000000007fcc1a0:   000000000922a3d0 000000006f29e8bb
0x0000000007fcc1b0:   0000000009d0f070 feeefeeefeeefeee
0x0000000007fcc1c0:   0000000008ed0000 000000006f29e8bb
0x0000000007fcc1d0:   000000000922a3d0 0000000009d0f080
0x0000000007fcc1e0:   0000000000000000 0000000001cc0080
0x0000000007fcc1f0:   0000000000000001 0000000077efc56f
0x0000000007fcc200:   0000000001cb0000 0000000008ed0000
0x0000000007fcc210:   0000000000001100 0000000009d0f070
0x0000000007fcc220:   0000000007012f40 0000000000010000
0x0000000007fcc230:   0000000009d10000 0000000008ed0000
0x0000000007fcc240:   0000000000000000 0000000000000000
0x0000000007fcc250:   0000000000000007 0000000000000000
0x0000000007fcc260:   00000000000000f9 0000000000000007 

Instructions: (pc=0x0000000077efcfdb)
0x0000000077efcfbb:   42 ff 44 3b c0 0f 85 c4 00 00 00 49 8b 43 68 4a
0x0000000077efcfcb:   8b 14 c0 48 83 c2 10 48 3b da 0f 84 af 00 00 00
0x0000000077efcfdb:   0f b7 42 f8 3b c7 0f 82 97 00 00 00 48 8b c2 48
0x0000000077efcfeb:   8b 7c 24 48 48 8b 5c 24 40 48 83 c4 28 c3 44 0f 


Register to memory mapping:

RAX=0x0000000000000800 is an unknown value
RBX=0x0000000001cb02c8 is an unknown value
RCX=0x0000000000000080 is an unknown value
RDX=0x0000000000000000 is an unknown value
RSP=0x0000000007fcc170 is pointing into the stack for thread: 0x0000000006ff0800
RBP=0x0000000000001100 is an unknown value
RSI=0x0000000001cb02c8 is an unknown value
RDI=0x0000000000001100 is an unknown value
R8 =0x000000000000047f is an unknown value
R9 =0x0000000009d20000 is an unknown value
R10=0x0000000000000480 is an unknown value
R11=0x0000000006e30000 is an unknown value
R12=0x0000000001cb0000 is an unknown value
R13=0x0000000000001100 is an unknown value
R14=0x0000000000000000 is an unknown value
R15=0x0000000000000005 is an unknown value


Stack: [0x0000000007ed0000,0x0000000007fd0000],  sp=0x0000000007fcc170,  free space=1008k
Native frames: (J=compiled Java code, j=interpreted, Vv=VM code, C=native code)
C  [ntdll.dll+0x3cfdb]  RtlGetGroupSecurityDescriptor+0x1bb

[error occurred during error reporting (printing native stack), id 0xc0000005]


Current CompileTask:
C2:  10264  270             org.springframework.util.AntPathMatcher::doMatch (622 bytes)


---------------  P R O C E S S  ---------------

Java Threads: ( => current thread )
  0x0000000008487800 JavaThread "ReaderThread" [_thread_in_native, id=704, stack(0x0000000008dd0000,0x0000000008ed0000)]
  0x0000000006ff9800 JavaThread "Service Thread" daemon [_thread_blocked, id=1928, stack(0x0000000007fd0000,0x00000000080d0000)]
=>0x0000000006ff0800 JavaThread "C2 CompilerThread1" daemon [_thread_in_native, id=124, stack(0x0000000007ed0000,0x0000000007fd0000)]
  0x0000000006fec000 JavaThread "C2 CompilerThread0" daemon [_thread_in_native, id=2452, stack(0x0000000007dd0000,0x0000000007ed0000)]
  0x0000000006feb000 JavaThread "Attach Listener" daemon [_thread_blocked, id=2456, stack(0x0000000007cd0000,0x0000000007dd0000)]
  0x0000000006fea800 JavaThread "Signal Dispatcher" daemon [_thread_blocked, id=2460, stack(0x0000000007bd0000,0x0000000007cd0000)]
  0x0000000006f3c000 JavaThread "Finalizer" daemon [_thread_blocked, id=2448, stack(0x0000000007ad0000,0x0000000007bd0000)]
  0x0000000006f3b000 JavaThread "Reference Handler" daemon [_thread_blocked, id=1548, stack(0x00000000079d0000,0x0000000007ad0000)]
  0x0000000001d02800 JavaThread "main" [_thread_in_native, id=1780, stack(0x0000000001f50000,0x0000000002050000)]

Other Threads:
  0x0000000001dbd800 VMThread [stack: 0x00000000078d0000,0x00000000079d0000] [id=2812]
  0x0000000007012000 WatcherThread [stack: 0x00000000080d0000,0x00000000081d0000] [id=2148]

VM state:not at safepoint (normal execution)

VM Mutex/Monitor currently owned by a thread: None

Heap
 PSYoungGen      total 17664K, used 12896K [0x00000000f5560000, 0x00000000f7820000, 0x0000000100000000)
  eden space 14912K, 68% used [0x00000000f5560000,0x00000000f5f56cb8,0x00000000f63f0000)
  from space 2752K, 97% used [0x00000000f7570000,0x00000000f7811658,0x00000000f7820000)
  to   space 3648K, 0% used [0x00000000f7100000,0x00000000f7100000,0x00000000f7490000)
 ParOldGen       total 21888K, used 5596K [0x00000000e0000000, 0x00000000e1560000, 0x00000000f5560000)
  object space 21888K, 25% used [0x00000000e0000000,0x00000000e05770a8,0x00000000e1560000)
 PSPermGen       total 21248K, used 11846K [0x00000000dae00000, 0x00000000dc2c0000, 0x00000000e0000000)
  object space 21248K, 55% used [0x00000000dae00000,0x00000000db991ac0,0x00000000dc2c0000)

Card table byte_map: [0x0000000005140000,0x0000000005270000] byte_map_base: 0x0000000004a69000

Polling page: 0x0000000002050000

Code Cache  [0x0000000002080000, 0x00000000022f0000, 0x0000000005080000)
 total_blobs=547 nmethods=267 adapters=231 free_code_cache=47992Kb largest_free_block=49046976

Compilation events (10 events):
Event: 9.844 Thread 0x0000000006fec000  266             java.lang.String::equals (81 bytes)
Event: 9.846 Thread 0x0000000006fec000 nmethod 266 0x0000000002130ed0 code [0x0000000002131020, 0x0000000002131238]
Event: 9.854 Thread 0x0000000006ff0800  267             sun.reflect.ReflectionFactory::langReflectAccess (15 bytes)
Event: 9.855 Thread 0x0000000006ff0800 nmethod 267 0x00000000021839d0 code [0x0000000002183b00, 0x0000000002183b78]
Event: 9.930 Thread 0x0000000006fec000  268             java.lang.ClassLoader::checkName (43 bytes)
Event: 9.930 Thread 0x0000000006ff0800  269             sun.misc.VM::allowArraySyntax (4 bytes)
Event: 9.931 Thread 0x0000000006ff0800 nmethod 269 0x0000000002184dd0 code [0x0000000002184f00, 0x0000000002184f58]
Event: 9.932 Thread 0x0000000006fec000 nmethod 268 0x0000000002139310 code [0x0000000002139460, 0x0000000002139658]
Event: 9.960 Thread 0x0000000006ff0800  270             org.springframework.util.AntPathMatcher::doMatch (622 bytes)
Event: 10.069 Thread 0x0000000006fec000  271             org.springframework.util.StringUtils::delimitedListToStringArray (167 bytes)

GC Heap History (10 events):
Event: 5.051 GC heap before
{Heap before GC invocations=4 (full 0):
 PSYoungGen      total 9536K, used 9536K [0x00000000f5560000, 0x00000000f6800000, 0x0000000100000000)
  eden space 8192K, 100% used [0x00000000f5560000,0x00000000f5d60000,0x00000000f5d60000)
  from space 1344K, 100% used [0x00000000f5d60000,0x00000000f5eb0000,0x00000000f5eb0000)
  to   space 1344K, 0% used [0x00000000f66b0000,0x00000000f66b0000,0x00000000f6800000)
 ParOldGen       total 21888K, used 2499K [0x00000000e0000000, 0x00000000e1560000, 0x00000000f5560000)
  object space 21888K, 11% used [0x00000000e0000000,0x00000000e0270d78,0x00000000e1560000)
 PSPermGen       total 21248K, used 10791K [0x00000000dae00000, 0x00000000dc2c0000, 0x00000000e0000000)
  object space 21248K, 50% used [0x00000000dae00000,0x00000000db889f40,0x00000000dc2c0000)
Event: 5.081 GC heap after
Heap after GC invocations=4 (full 0):
 PSYoungGen      total 17728K, used 1312K [0x00000000f5560000, 0x00000000f6800000, 0x0000000100000000)
  eden space 16384K, 0% used [0x00000000f5560000,0x00000000f5560000,0x00000000f6560000)
  from space 1344K, 97% used [0x00000000f66b0000,0x00000000f67f8020,0x00000000f6800000)
  to   space 1344K, 0% used [0x00000000f6560000,0x00000000f6560000,0x00000000f66b0000)
 ParOldGen       total 21888K, used 4117K [0x00000000e0000000, 0x00000000e1560000, 0x00000000f5560000)
  object space 21888K, 18% used [0x00000000e0000000,0x00000000e0405540,0x00000000e1560000)
 PSPermGen       total 21248K, used 10791K [0x00000000dae00000, 0x00000000dc2c0000, 0x00000000e0000000)
  object space 21248K, 50% used [0x00000000dae00000,0x00000000db889f40,0x00000000dc2c0000)
}
Event: 6.871 GC heap before
{Heap before GC invocations=5 (full 0):
 PSYoungGen      total 17728K, used 17696K [0x00000000f5560000, 0x00000000f6800000, 0x0000000100000000)
  eden space 16384K, 100% used [0x00000000f5560000,0x00000000f6560000,0x00000000f6560000)
  from space 1344K, 97% used [0x00000000f66b0000,0x00000000f67f8020,0x00000000f6800000)
  to   space 1344K, 0% used [0x00000000f6560000,0x00000000f6560000,0x00000000f66b0000)
 ParOldGen       total 21888K, used 4117K [0x00000000e0000000, 0x00000000e1560000, 0x00000000f5560000)
  object space 21888K, 18% used [0x00000000e0000000,0x00000000e0405540,0x00000000e1560000)
 PSPermGen       total 21248K, used 11060K [0x00000000dae00000, 0x00000000dc2c0000, 0x00000000e0000000)
  object space 21248K, 52% used [0x00000000dae00000,0x00000000db8cd010,0x00000000dc2c0000)
Event: 6.876 GC heap after
Heap after GC invocations=5 (full 0):
 PSYoungGen      total 17728K, used 1328K [0x00000000f5560000, 0x00000000f7c40000, 0x0000000100000000)
  eden space 16384K, 0% used [0x00000000f5560000,0x00000000f5560000,0x00000000f6560000)
  from space 1344K, 98% used [0x00000000f6560000,0x00000000f66ac010,0x00000000f66b0000)
  to   space 3520K, 0% used [0x00000000f78d0000,0x00000000f78d0000,0x00000000f7c40000)
 ParOldGen       total 21888K, used 4513K [0x00000000e0000000, 0x00000000e1560000, 0x00000000f5560000)
  object space 21888K, 20% used [0x00000000e0000000,0x00000000e0468708,0x00000000e1560000)
 PSPermGen       total 21248K, used 11060K [0x00000000dae00000, 0x00000000dc2c0000, 0x00000000e0000000)
  object space 21248K, 52% used [0x00000000dae00000,0x00000000db8cd010,0x00000000dc2c0000)
}
Event: 7.887 GC heap before
{Heap before GC invocations=6 (full 0):
 PSYoungGen      total 17728K, used 17712K [0x00000000f5560000, 0x00000000f7c40000, 0x0000000100000000)
  eden space 16384K, 100% used [0x00000000f5560000,0x00000000f6560000,0x00000000f6560000)
  from space 1344K, 98% used [0x00000000f6560000,0x00000000f66ac010,0x00000000f66b0000)
  to   space 3520K, 0% used [0x00000000f78d0000,0x00000000f78d0000,0x00000000f7c40000)
 ParOldGen       total 21888K, used 4513K [0x00000000e0000000, 0x00000000e1560000, 0x00000000f5560000)
  object space 21888K, 20% used [0x00000000e0000000,0x00000000e0468708,0x00000000e1560000)
 PSPermGen       total 21248K, used 11121K [0x00000000dae00000, 0x00000000dc2c0000, 0x00000000e0000000)
  object space 21248K, 52% used [0x00000000dae00000,0x00000000db8dc7b0,0x00000000dc2c0000)
Event: 7.891 GC heap after
Heap after GC invocations=6 (full 0):
 PSYoungGen      total 17408K, used 1472K [0x00000000f5560000, 0x00000000f7a50000, 0x0000000100000000)
  eden space 15872K, 0% used [0x00000000f5560000,0x00000000f5560000,0x00000000f64e0000)
  from space 1536K, 95% used [0x00000000f78d0000,0x00000000f7a40320,0x00000000f7a50000)
  to   space 3520K, 0% used [0x00000000f7370000,0x00000000f7370000,0x00000000f76e0000)
 ParOldGen       total 21888K, used 4513K [0x00000000e0000000, 0x00000000e1560000, 0x00000000f5560000)
  object space 21888K, 20% used [0x00000000e0000000,0x00000000e0468708,0x00000000e1560000)
 PSPermGen       total 21248K, used 11121K [0x00000000dae00000, 0x00000000dc2c0000, 0x00000000e0000000)
  object space 21248K, 52% used [0x00000000dae00000,0x00000000db8dc7b0,0x00000000dc2c0000)
}
Event: 8.688 GC heap before
{Heap before GC invocations=7 (full 0):
 PSYoungGen      total 17408K, used 17344K [0x00000000f5560000, 0x00000000f7a50000, 0x0000000100000000)
  eden space 15872K, 100% used [0x00000000f5560000,0x00000000f64e0000,0x00000000f64e0000)
  from space 1536K, 95% used [0x00000000f78d0000,0x00000000f7a40320,0x00000000f7a50000)
  to   space 3520K, 0% used [0x00000000f7370000,0x00000000f7370000,0x00000000f76e0000)
 ParOldGen       total 21888K, used 4513K [0x00000000e0000000, 0x00000000e1560000, 0x00000000f5560000)
  object space 21888K, 20% used [0x00000000e0000000,0x00000000e0468708,0x00000000e1560000)
 PSPermGen       total 21248K, used 11166K [0x00000000dae00000, 0x00000000dc2c0000, 0x00000000e0000000)
  object space 21248K, 52% used [0x00000000dae00000,0x00000000db8e7948,0x00000000dc2c0000)
Event: 8.694 GC heap after
Heap after GC invocations=7 (full 0):
 PSYoungGen      total 16512K, used 1152K [0x00000000f5560000, 0x00000000f78e0000, 0x0000000100000000)
  eden space 15360K, 0% used [0x00000000f5560000,0x00000000f5560000,0x00000000f6460000)
  from space 1152K, 100% used [0x00000000f7370000,0x00000000f7490000,0x00000000f7490000)
  to   space 3520K, 0% used [0x00000000f7570000,0x00000000f7570000,0x00000000f78e0000)
 ParOldGen       total 21888K, used 5174K [0x00000000e0000000, 0x00000000e1560000, 0x00000000f5560000)
  object space 21888K, 23% used [0x00000000e0000000,0x00000000e050dbb0,0x00000000e1560000)
 PSPermGen       total 21248K, used 11166K [0x00000000dae00000, 0x00000000dc2c0000, 0x00000000e0000000)
  object space 21248K, 52% used [0x00000000dae00000,0x00000000db8e7948,0x00000000dc2c0000)
}
Event: 9.707 GC heap before
{Heap before GC invocations=8 (full 0):
 PSYoungGen      total 16512K, used 16512K [0x00000000f5560000, 0x00000000f78e0000, 0x0000000100000000)
  eden space 15360K, 100% used [0x00000000f5560000,0x00000000f6460000,0x00000000f6460000)
  from space 1152K, 100% used [0x00000000f7370000,0x00000000f7490000,0x00000000f7490000)
  to   space 3520K, 0% used [0x00000000f7570000,0x00000000f7570000,0x00000000f78e0000)
 ParOldGen       total 21888K, used 5174K [0x00000000e0000000, 0x00000000e1560000, 0x00000000f5560000)
  object space 21888K, 23% used [0x00000000e0000000,0x00000000e050dbb0,0x00000000e1560000)
 PSPermGen       total 21248K, used 11722K [0x00000000dae00000, 0x00000000dc2c0000, 0x00000000e0000000)
  object space 21248K, 55% used [0x00000000dae00000,0x00000000db972860,0x00000000dc2c0000)
Event: 9.715 GC heap after
Heap after GC invocations=8 (full 0):
 PSYoungGen      total 17664K, used 2693K [0x00000000f5560000, 0x00000000f7820000, 0x0000000100000000)
  eden space 14912K, 0% used [0x00000000f5560000,0x00000000f5560000,0x00000000f63f0000)
  from space 2752K, 97% used [0x00000000f7570000,0x00000000f7811658,0x00000000f7820000)
  to   space 3648K, 0% used [0x00000000f7100000,0x00000000f7100000,0x00000000f7490000)
 ParOldGen       total 21888K, used 5596K [0x00000000e0000000, 0x00000000e1560000, 0x00000000f5560000)
  object space 21888K, 25% used [0x00000000e0000000,0x00000000e05770a8,0x00000000e1560000)
 PSPermGen       total 21248K, used 11722K [0x00000000dae00000, 0x00000000dc2c0000, 0x00000000e0000000)
  object space 21248K, 55% used [0x00000000dae00000,0x00000000db972860,0x00000000dc2c0000)
}

Deoptimization events (10 events):
Event: 7.412 Thread 0x0000000001d02800 Uncommon trap -12 fr.pc 0x0000000002159fe0
Event: 8.808 Thread 0x0000000001d02800 Uncommon trap -83 fr.pc 0x0000000002155b1c
Event: 8.826 Thread 0x0000000001d02800 Uncommon trap -34 fr.pc 0x0000000002119a58
Event: 8.827 Thread 0x0000000001d02800 Uncommon trap -83 fr.pc 0x00000000020fc044
Event: 8.874 Thread 0x0000000001d02800 Uncommon trap -34 fr.pc 0x00000000021299a0
Event: 8.875 Thread 0x0000000001d02800 Uncommon trap -34 fr.pc 0x0000000002119a58
Event: 9.462 Thread 0x0000000001d02800 Uncommon trap -83 fr.pc 0x000000000218cf60
Event: 9.831 Thread 0x0000000001d02800 Uncommon trap -34 fr.pc 0x0000000002119a58
Event: 9.831 Thread 0x0000000001d02800 Uncommon trap -34 fr.pc 0x0000000002119a58
Event: 9.861 Thread 0x0000000001d02800 Uncommon trap -83 fr.pc 0x00000000021680f4

Internal exceptions (10 events):
Event: 9.844 Thread 0x0000000001d02800 Threw 0x00000000f586f0d0 at C:\jdk7u2_64p\jdk7u13\hotspot\src\share\vm\prims\jvm.cpp:1166
Event: 9.855 Thread 0x0000000001d02800 Threw 0x00000000f58bd720 at C:\jdk7u2_64p\jdk7u13\hotspot\src\share\vm\prims\jvm.cpp:1166
Event: 9.862 Thread 0x0000000001d02800 Threw 0x00000000f58f7150 at C:\jdk7u2_64p\jdk7u13\hotspot\src\share\vm\prims\jvm.cpp:1166
Event: 9.893 Thread 0x0000000001d02800 Threw 0x00000000f5a04990 at C:\jdk7u2_64p\jdk7u13\hotspot\src\share\vm\prims\jvm.cpp:1166
Event: 9.911 Thread 0x0000000001d02800 Threw 0x00000000f5a8c730 at C:\jdk7u2_64p\jdk7u13\hotspot\src\share\vm\prims\jvm.cpp:1166
Event: 9.912 Thread 0x0000000001d02800 Threw 0x00000000f5a95210 at C:\jdk7u2_64p\jdk7u13\hotspot\src\share\vm\prims\jvm.cpp:1166
Event: 9.950 Thread 0x0000000001d02800 Threw 0x00000000f5b879e0 at C:\jdk7u2_64p\jdk7u13\hotspot\src\share\vm\prims\jvm.cpp:1166
Event: 9.951 Thread 0x0000000001d02800 Threw 0x00000000f5b904a0 at C:\jdk7u2_64p\jdk7u13\hotspot\src\share\vm\prims\jvm.cpp:1166
Event: 10.043 Thread 0x0000000001d02800 Threw 0x00000000f5d276e0 at C:\jdk7u2_64p\jdk7u13\hotspot\src\share\vm\prims\jvm.cpp:1166
Event: 10.044 Thread 0x0000000001d02800 Threw 0x00000000f5d301a0 at C:\jdk7u2_64p\jdk7u13\hotspot\src\share\vm\prims\jvm.cpp:1166

Events (10 events):
Event: 9.862 loading class 0x000000000952a4c0
Event: 9.862 loading class 0x000000000952a4c0 done
Event: 9.893 loading class 0x0000000008fd4730
Event: 9.893 loading class 0x0000000008fd4730 done
Event: 9.911 loading class 0x00000000087556c0
Event: 9.911 loading class 0x00000000087556c0 done
Event: 9.950 loading class 0x00000000087556c0
Event: 9.950 loading class 0x00000000087556c0 done
Event: 10.043 loading class 0x00000000087556c0
Event: 10.043 loading class 0x00000000087556c0 done


Dynamic libraries:
0x0000000140000000 - 0x0000000140033000 	C:\Program Files\Java\jdk1.7.0_13\bin\javaw.exe
0x0000000077ec0000 - 0x0000000077ffc000 	C:\WINDOWS\system32\ntdll.dll
0x0000000077d40000 - 0x0000000077eb6000 	C:\WINDOWS\system32\kernel32.dll
0x000007ff7fee0000 - 0x000007ff7ffe6000 	C:\WINDOWS\system32\ADVAPI32.dll
0x000007ff7fd30000 - 0x000007ff7fed5000 	C:\WINDOWS\system32\RPCRT4.dll
0x000007ff7e9c0000 - 0x000007ff7e9e2000 	C:\WINDOWS\system32\Secur32.dll
0x0000000077c20000 - 0x0000000077d2c000 	C:\WINDOWS\system32\USER32.dll
0x000007ff7fc90000 - 0x000007ff7fd2c000 	C:\WINDOWS\system32\GDI32.dll
0x000007ff7f000000 - 0x000007ff7f187000 	C:\WINDOWS\WinSxS\AMD64_Microsoft.Windows.Common-Controls_6595b64144ccf1df_6.0.3790.5190_x-ww_639C4A9E\COMCTL32.dll
0x000007ff7fc00000 - 0x000007ff7fc86000 	C:\WINDOWS\system32\msvcrt.dll
0x000007ff7ef60000 - 0x000007ff7effb000 	C:\WINDOWS\system32\SHLWAPI.dll
0x000007ff7d500000 - 0x000007ff7d539000 	C:\WINDOWS\system32\IMM32.DLL
0x0000000079730000 - 0x0000000079801000 	C:\Program Files\Java\jdk1.7.0_13\jre\bin\msvcr100.dll
0x000000006ee30000 - 0x000000006f54f000 	C:\Program Files\Java\jdk1.7.0_13\jre\bin\server\jvm.dll
0x000007ff770f0000 - 0x000007ff770fa000 	C:\WINDOWS\system32\WSOCK32.dll
0x000007ff77310000 - 0x000007ff77340000 	C:\WINDOWS\system32\WS2_32.dll
0x000007ff77140000 - 0x000007ff7714c000 	C:\WINDOWS\system32\WS2HELP.dll
0x000007ff7e240000 - 0x000007ff7e290000 	C:\WINDOWS\system32\WINMM.dll
0x000007ff7e380000 - 0x000007ff7e390000 	C:\WINDOWS\system32\PSAPI.DLL
0x000000006eb60000 - 0x000000006eb6f000 	C:\Program Files\Java\jdk1.7.0_13\jre\bin\verify.dll
0x000000006d650000 - 0x000000006d678000 	C:\Program Files\Java\jdk1.7.0_13\jre\bin\java.dll
0x000000006ebd0000 - 0x000000006ebe5000 	C:\Program Files\Java\jdk1.7.0_13\jre\bin\zip.dll
0x000000006e960000 - 0x000000006e979000 	C:\Program Files\Java\jdk1.7.0_13\jre\bin\net.dll
0x000007ff771b0000 - 0x000007ff7722d000 	C:\WINDOWS\system32\mswsock.dll
0x000007ff6d200000 - 0x000007ff6d293000 	C:\WINDOWS\system32\hnetcfg.dll
0x000007ff77170000 - 0x000007ff7717b000 	C:\WINDOWS\System32\wshtcpip.dll
0x000000006e980000 - 0x000000006e991000 	C:\Program Files\Java\jdk1.7.0_13\jre\bin\nio.dll
0x000007ff7e8f0000 - 0x000007ff7e93f000 	C:\WINDOWS\system32\DNSAPI.dll
0x000007ff7e9f0000 - 0x000007ff7e9fb000 	C:\WINDOWS\System32\winrnr.dll
0x000007ff7e950000 - 0x000007ff7e9b6000 	C:\WINDOWS\system32\WLDAP32.dll
0x000007ff7ea00000 - 0x000007ff7ea07000 	C:\WINDOWS\system32\rasadhlp.dll
0x000007ff724e0000 - 0x000007ff7261e000 	C:\WINDOWS\system32\dbghelp.dll
0x000007ff7fbf0000 - 0x000007ff7fbfb000 	C:\WINDOWS\system32\VERSION.dll

VM Arguments:
jvm_args: -ea -Dfile.encoding=ISO-8859-1 
java_command: org.eclipse.jdt.internal.junit.runner.RemoteTestRunner -version 3 -port 1287 -testLoaderClass org.eclipse.jdt.internal.junit4.runner.JUnit4TestLoader -loaderpluginname org.eclipse.jdt.junit4.runtime -classNames Acme_Parade.UseCase2_1and3_1Test
Launcher Type: SUN_STANDARD

Environment Variables:
JAVA_HOME=C:\Program Files\Java\jdk1.7.0_13
PATH=c:/program files/java/jdk1.7.0_13/bin/../jre/bin/server;c:/program files/java/jdk1.7.0_13/bin/../jre/bin;c:/program files/java/jdk1.7.0_13/bin/../jre/lib/amd64;C:\WINDOWS\system32;C:\WINDOWS;C:\WINDOWS\System32\Wbem;c:\program files\java\jdk1.7.0_13\bin;C:\WINDOWS\system32;C:\WINDOWS;C:\WINDOWS\System32\Wbem;c:\program files\java\jdk1.7.0_13\bin;C:\Program Files\Apache Software Foundation\apache-maven-3.1.0\bin;C:\Program Files\Eclipse Indigo EE SR2;
USERNAME=Student
OS=Windows_NT
PROCESSOR_IDENTIFIER=EM64T Family 6 Model 61 Stepping 4, GenuineIntel



---------------  S Y S T E M  ---------------

OS: Windows XP x64 Edition Build 3790 Service Pack 2

CPU:total 2 (2 cores per cpu, 1 threads per core) family 6 model 61 stepping 4, cmov, cx8, fxsr, mmx, sse, sse2, sse3, ssse3, tsc

Memory: 4k page, physical 2096536k(992372k free), swap 4059476k(2831556k free)

vm_info: Java HotSpot(TM) 64-Bit Server VM (23.7-b01) for windows-amd64 JRE (1.7.0_13-b20), built on Jan 30 2013 10:10:00 by "java_re" with unknown MS VC++:1600

time: Wed Mar 27 15:34:50 2019
elapsed time: 10 seconds

